{"C:\\Users\\User\\Desktop\\projects\\frontend-project-46\\src\\compare.js": {"path":"C:\\Users\\User\\Desktop\\projects\\frontend-project-46\\src\\compare.js","all":false,"statementMap":{"0":{"start":{"line":1,"column":0},"end":{"line":1,"column":23}},"1":{"start":{"line":2,"column":0},"end":{"line":2,"column":0}},"2":{"start":{"line":3,"column":0},"end":{"line":3,"column":19}},"3":{"start":{"line":4,"column":0},"end":{"line":4,"column":19}},"4":{"start":{"line":5,"column":0},"end":{"line":5,"column":23}},"5":{"start":{"line":6,"column":0},"end":{"line":6,"column":23}},"6":{"start":{"line":7,"column":0},"end":{"line":7,"column":27}},"7":{"start":{"line":8,"column":0},"end":{"line":8,"column":21}},"8":{"start":{"line":9,"column":0},"end":{"line":9,"column":1}},"9":{"start":{"line":10,"column":0},"end":{"line":10,"column":0}},"10":{"start":{"line":11,"column":0},"end":{"line":11,"column":33}},"11":{"start":{"line":12,"column":0},"end":{"line":12,"column":63}},"12":{"start":{"line":13,"column":0},"end":{"line":13,"column":38}},"13":{"start":{"line":14,"column":0},"end":{"line":14,"column":0}},"14":{"start":{"line":15,"column":0},"end":{"line":15,"column":44}},"15":{"start":{"line":16,"column":0},"end":{"line":16,"column":33}},"16":{"start":{"line":17,"column":0},"end":{"line":17,"column":33}},"17":{"start":{"line":18,"column":0},"end":{"line":18,"column":0}},"18":{"start":{"line":19,"column":0},"end":{"line":19,"column":53}},"19":{"start":{"line":20,"column":0},"end":{"line":20,"column":82}},"20":{"start":{"line":21,"column":0},"end":{"line":21,"column":9}},"21":{"start":{"line":22,"column":0},"end":{"line":22,"column":8}},"22":{"start":{"line":23,"column":0},"end":{"line":23,"column":32}},"23":{"start":{"line":24,"column":0},"end":{"line":24,"column":67}},"24":{"start":{"line":25,"column":0},"end":{"line":25,"column":9}},"25":{"start":{"line":26,"column":0},"end":{"line":26,"column":67}},"26":{"start":{"line":27,"column":0},"end":{"line":27,"column":81}},"27":{"start":{"line":28,"column":0},"end":{"line":28,"column":9}},"28":{"start":{"line":29,"column":0},"end":{"line":29,"column":39}},"29":{"start":{"line":30,"column":0},"end":{"line":30,"column":65}},"30":{"start":{"line":31,"column":0},"end":{"line":31,"column":9}},"31":{"start":{"line":32,"column":0},"end":{"line":32,"column":59}},"32":{"start":{"line":33,"column":0},"end":{"line":33,"column":7}},"33":{"start":{"line":34,"column":0},"end":{"line":34,"column":0}},"34":{"start":{"line":35,"column":0},"end":{"line":35,"column":18}},"35":{"start":{"line":36,"column":0},"end":{"line":36,"column":2}},"36":{"start":{"line":37,"column":0},"end":{"line":37,"column":23}}},"s":{"0":1,"1":1,"2":1,"3":1,"4":1,"5":1,"6":1,"7":1,"8":1,"9":1,"10":1,"11":15,"12":15,"13":15,"14":15,"15":54,"16":54,"17":54,"18":54,"19":12,"20":12,"21":42,"22":54,"23":9,"24":9,"25":54,"26":12,"27":12,"28":54,"29":6,"30":6,"31":15,"32":15,"33":15,"34":15,"35":15,"36":1},"branchMap":{"0":{"type":"branch","line":11,"loc":{"start":{"line":11,"column":16},"end":{"line":36,"column":2}},"locations":[{"start":{"line":11,"column":16},"end":{"line":36,"column":2}}]},"1":{"type":"branch","line":15,"loc":{"start":{"line":15,"column":35},"end":{"line":33,"column":5}},"locations":[{"start":{"line":15,"column":35},"end":{"line":33,"column":5}}]},"2":{"type":"branch","line":19,"loc":{"start":{"line":19,"column":29},"end":{"line":19,"column":51}},"locations":[{"start":{"line":19,"column":29},"end":{"line":19,"column":51}}]},"3":{"type":"branch","line":19,"loc":{"start":{"line":19,"column":52},"end":{"line":21,"column":9}},"locations":[{"start":{"line":19,"column":52},"end":{"line":21,"column":9}}]},"4":{"type":"branch","line":21,"loc":{"start":{"line":21,"column":8},"end":{"line":23,"column":31}},"locations":[{"start":{"line":21,"column":8},"end":{"line":23,"column":31}}]},"5":{"type":"branch","line":23,"loc":{"start":{"line":23,"column":31},"end":{"line":25,"column":9}},"locations":[{"start":{"line":23,"column":31},"end":{"line":25,"column":9}}]},"6":{"type":"branch","line":25,"loc":{"start":{"line":25,"column":8},"end":{"line":26,"column":40}},"locations":[{"start":{"line":25,"column":8},"end":{"line":26,"column":40}}]},"7":{"type":"branch","line":26,"loc":{"start":{"line":26,"column":36},"end":{"line":26,"column":64}},"locations":[{"start":{"line":26,"column":36},"end":{"line":26,"column":64}}]},"8":{"type":"branch","line":26,"loc":{"start":{"line":26,"column":66},"end":{"line":28,"column":9}},"locations":[{"start":{"line":26,"column":66},"end":{"line":28,"column":9}}]},"9":{"type":"branch","line":28,"loc":{"start":{"line":28,"column":8},"end":{"line":29,"column":38}},"locations":[{"start":{"line":28,"column":8},"end":{"line":29,"column":38}}]},"10":{"type":"branch","line":29,"loc":{"start":{"line":29,"column":38},"end":{"line":31,"column":9}},"locations":[{"start":{"line":29,"column":38},"end":{"line":31,"column":9}}]},"11":{"type":"branch","line":31,"loc":{"start":{"line":31,"column":8},"end":{"line":33,"column":5}},"locations":[{"start":{"line":31,"column":8},"end":{"line":33,"column":5}}]}},"b":{"0":[15],"1":[54],"2":[18],"3":[12],"4":[42],"5":[9],"6":[33],"7":[18],"8":[12],"9":[21],"10":[6],"11":[15]},"fnMap":{"0":{"name":"compare","decl":{"start":{"line":11,"column":16},"end":{"line":36,"column":2}},"loc":{"start":{"line":11,"column":16},"end":{"line":36,"column":2}},"line":11}},"f":{"0":15}}
,"C:\\Users\\User\\Desktop\\projects\\frontend-project-46\\src\\index.js": {"path":"C:\\Users\\User\\Desktop\\projects\\frontend-project-46\\src\\index.js","all":false,"statementMap":{"0":{"start":{"line":1,"column":0},"end":{"line":1,"column":20}},"1":{"start":{"line":2,"column":0},"end":{"line":2,"column":24}},"2":{"start":{"line":3,"column":0},"end":{"line":3,"column":23}},"3":{"start":{"line":4,"column":0},"end":{"line":4,"column":52}},"4":{"start":{"line":5,"column":0},"end":{"line":5,"column":33}},"5":{"start":{"line":6,"column":0},"end":{"line":6,"column":35}},"6":{"start":{"line":7,"column":0},"end":{"line":7,"column":0}},"7":{"start":{"line":8,"column":0},"end":{"line":8,"column":0}},"8":{"start":{"line":9,"column":0},"end":{"line":9,"column":35}},"9":{"start":{"line":10,"column":0},"end":{"line":10,"column":39}},"10":{"start":{"line":11,"column":0},"end":{"line":11,"column":34}},"11":{"start":{"line":12,"column":0},"end":{"line":12,"column":42}},"12":{"start":{"line":13,"column":0},"end":{"line":13,"column":28}},"13":{"start":{"line":14,"column":0},"end":{"line":14,"column":2}},"14":{"start":{"line":15,"column":0},"end":{"line":15,"column":0}},"15":{"start":{"line":16,"column":0},"end":{"line":16,"column":52}},"16":{"start":{"line":17,"column":0},"end":{"line":17,"column":59}},"17":{"start":{"line":18,"column":0},"end":{"line":18,"column":59}},"18":{"start":{"line":19,"column":0},"end":{"line":19,"column":0}},"19":{"start":{"line":20,"column":0},"end":{"line":20,"column":62}},"20":{"start":{"line":21,"column":0},"end":{"line":21,"column":62}},"21":{"start":{"line":22,"column":0},"end":{"line":22,"column":0}},"22":{"start":{"line":23,"column":0},"end":{"line":23,"column":39}},"23":{"start":{"line":24,"column":0},"end":{"line":24,"column":52}},"24":{"start":{"line":25,"column":0},"end":{"line":25,"column":23}},"25":{"start":{"line":26,"column":0},"end":{"line":26,"column":1}},"26":{"start":{"line":27,"column":0},"end":{"line":27,"column":0}},"27":{"start":{"line":28,"column":0},"end":{"line":28,"column":23}}},"s":{"0":1,"1":1,"2":1,"3":1,"4":1,"5":1,"6":1,"7":1,"8":1,"9":6,"10":6,"11":6,"12":6,"13":6,"14":1,"15":1,"16":3,"17":3,"18":3,"19":3,"20":3,"21":3,"22":3,"23":3,"24":3,"25":3,"26":1,"27":1},"branchMap":{"0":{"type":"branch","line":9,"loc":{"start":{"line":9,"column":21},"end":{"line":14,"column":2}},"locations":[{"start":{"line":9,"column":21},"end":{"line":14,"column":2}}]},"1":{"type":"branch","line":16,"loc":{"start":{"line":16,"column":16},"end":{"line":26,"column":1}},"locations":[{"start":{"line":16,"column":16},"end":{"line":26,"column":1}}]}},"b":{"0":[6],"1":[3]},"fnMap":{"0":{"name":"getFileData","decl":{"start":{"line":9,"column":21},"end":{"line":14,"column":2}},"loc":{"start":{"line":9,"column":21},"end":{"line":14,"column":2}},"line":9},"1":{"name":"gendiff","decl":{"start":{"line":16,"column":16},"end":{"line":26,"column":1}},"loc":{"start":{"line":16,"column":16},"end":{"line":26,"column":1}},"line":16}},"f":{"0":6,"1":3}}
,"C:\\Users\\User\\Desktop\\projects\\frontend-project-46\\src\\parser.js": {"path":"C:\\Users\\User\\Desktop\\projects\\frontend-project-46\\src\\parser.js","all":false,"statementMap":{"0":{"start":{"line":1,"column":0},"end":{"line":1,"column":27}},"1":{"start":{"line":2,"column":0},"end":{"line":2,"column":0}},"2":{"start":{"line":3,"column":0},"end":{"line":3,"column":37}},"3":{"start":{"line":4,"column":0},"end":{"line":4,"column":30}},"4":{"start":{"line":5,"column":0},"end":{"line":5,"column":32}},"5":{"start":{"line":6,"column":0},"end":{"line":6,"column":9}},"6":{"start":{"line":7,"column":0},"end":{"line":7,"column":4}},"7":{"start":{"line":8,"column":0},"end":{"line":8,"column":53}},"8":{"start":{"line":9,"column":0},"end":{"line":9,"column":31}},"9":{"start":{"line":10,"column":0},"end":{"line":10,"column":9}},"10":{"start":{"line":11,"column":0},"end":{"line":11,"column":6}},"11":{"start":{"line":12,"column":0},"end":{"line":12,"column":0}},"12":{"start":{"line":13,"column":0},"end":{"line":13,"column":22}}},"s":{"0":1,"1":1,"2":1,"3":6,"4":3,"5":3,"6":3,"7":6,"8":3,"9":3,"10":6,"11":1,"12":1},"branchMap":{"0":{"type":"branch","line":3,"loc":{"start":{"line":3,"column":15},"end":{"line":11,"column":6}},"locations":[{"start":{"line":3,"column":15},"end":{"line":11,"column":6}}]},"1":{"type":"branch","line":4,"loc":{"start":{"line":4,"column":29},"end":{"line":8,"column":32}},"locations":[{"start":{"line":4,"column":29},"end":{"line":8,"column":32}}]},"2":{"type":"branch","line":8,"loc":{"start":{"line":8,"column":28},"end":{"line":8,"column":51}},"locations":[{"start":{"line":8,"column":28},"end":{"line":8,"column":51}}]},"3":{"type":"branch","line":8,"loc":{"start":{"line":8,"column":52},"end":{"line":10,"column":9}},"locations":[{"start":{"line":8,"column":52},"end":{"line":10,"column":9}}]}},"b":{"0":[6],"1":[3],"2":[0],"3":[3]},"fnMap":{"0":{"name":"parser","decl":{"start":{"line":3,"column":15},"end":{"line":11,"column":6}},"loc":{"start":{"line":3,"column":15},"end":{"line":11,"column":6}},"line":3}},"f":{"0":6}}
,"C:\\Users\\User\\Desktop\\projects\\frontend-project-46\\src\\formatters\\formatData.js": {"path":"C:\\Users\\User\\Desktop\\projects\\frontend-project-46\\src\\formatters\\formatData.js","all":false,"statementMap":{"0":{"start":{"line":1,"column":0},"end":{"line":1,"column":29}},"1":{"start":{"line":2,"column":0},"end":{"line":2,"column":31}},"2":{"start":{"line":3,"column":0},"end":{"line":3,"column":35}},"3":{"start":{"line":4,"column":0},"end":{"line":4,"column":0}},"4":{"start":{"line":5,"column":0},"end":{"line":5,"column":50}},"5":{"start":{"line":6,"column":0},"end":{"line":6,"column":20}},"6":{"start":{"line":7,"column":0},"end":{"line":7,"column":21}},"7":{"start":{"line":8,"column":0},"end":{"line":8,"column":31}},"8":{"start":{"line":9,"column":0},"end":{"line":9,"column":23}},"9":{"start":{"line":10,"column":0},"end":{"line":10,"column":33}},"10":{"start":{"line":11,"column":0},"end":{"line":11,"column":20}},"11":{"start":{"line":12,"column":0},"end":{"line":12,"column":30}},"12":{"start":{"line":13,"column":0},"end":{"line":13,"column":8}},"13":{"start":{"line":14,"column":0},"end":{"line":14,"column":62}},"14":{"start":{"line":15,"column":0},"end":{"line":15,"column":5}},"15":{"start":{"line":16,"column":0},"end":{"line":16,"column":2}},"16":{"start":{"line":17,"column":0},"end":{"line":17,"column":0}},"17":{"start":{"line":18,"column":0},"end":{"line":18,"column":26}}},"s":{"0":1,"1":1,"2":1,"3":1,"4":1,"5":3,"6":3,"7":0,"8":3,"9":3,"10":3,"11":0,"12":3,"13":3,"14":3,"15":3,"16":1,"17":1},"branchMap":{"0":{"type":"branch","line":5,"loc":{"start":{"line":5,"column":19},"end":{"line":16,"column":2}},"locations":[{"start":{"line":5,"column":19},"end":{"line":16,"column":2}}]},"1":{"type":"branch","line":7,"loc":{"start":{"line":7,"column":8},"end":{"line":8,"column":31}},"locations":[{"start":{"line":7,"column":8},"end":{"line":8,"column":31}}]},"2":{"type":"branch","line":11,"loc":{"start":{"line":11,"column":8},"end":{"line":12,"column":30}},"locations":[{"start":{"line":11,"column":8},"end":{"line":12,"column":30}}]},"3":{"type":"branch","line":14,"loc":{"start":{"line":14,"column":8},"end":{"line":14,"column":62}},"locations":[{"start":{"line":14,"column":8},"end":{"line":14,"column":62}}]}},"b":{"0":[3],"1":[0],"2":[0],"3":[0]},"fnMap":{"0":{"name":"formatData","decl":{"start":{"line":5,"column":19},"end":{"line":16,"column":2}},"loc":{"start":{"line":5,"column":19},"end":{"line":16,"column":2}},"line":5}},"f":{"0":3}}
,"C:\\Users\\User\\Desktop\\projects\\frontend-project-46\\src\\formatters\\json.js": {"path":"C:\\Users\\User\\Desktop\\projects\\frontend-project-46\\src\\formatters\\json.js","all":false,"statementMap":{"0":{"start":{"line":1,"column":0},"end":{"line":1,"column":44}},"1":{"start":{"line":2,"column":0},"end":{"line":2,"column":0}},"2":{"start":{"line":3,"column":0},"end":{"line":3,"column":20}}},"s":{"0":1,"1":1,"2":1},"branchMap":{},"b":{},"fnMap":{"0":{"name":"json","decl":{"start":{"line":1,"column":14},"end":{"line":1,"column":43}},"loc":{"start":{"line":1,"column":14},"end":{"line":1,"column":43}},"line":1}},"f":{"0":0}}
,"C:\\Users\\User\\Desktop\\projects\\frontend-project-46\\src\\formatters\\plain.js": {"path":"C:\\Users\\User\\Desktop\\projects\\frontend-project-46\\src\\formatters\\plain.js","all":false,"statementMap":{"0":{"start":{"line":1,"column":0},"end":{"line":1,"column":36}},"1":{"start":{"line":2,"column":0},"end":{"line":2,"column":42}},"2":{"start":{"line":3,"column":0},"end":{"line":3,"column":34}},"3":{"start":{"line":4,"column":0},"end":{"line":4,"column":23}},"4":{"start":{"line":5,"column":0},"end":{"line":5,"column":25}},"5":{"start":{"line":6,"column":0},"end":{"line":6,"column":90}},"6":{"start":{"line":7,"column":0},"end":{"line":7,"column":16}},"7":{"start":{"line":8,"column":0},"end":{"line":8,"column":27}},"8":{"start":{"line":9,"column":0},"end":{"line":9,"column":63}},"9":{"start":{"line":10,"column":0},"end":{"line":10,"column":16}},"10":{"start":{"line":11,"column":0},"end":{"line":11,"column":29}},"11":{"start":{"line":12,"column":0},"end":{"line":12,"column":28}},"12":{"start":{"line":13,"column":0},"end":{"line":13,"column":0}},"13":{"start":{"line":14,"column":0},"end":{"line":14,"column":27}},"14":{"start":{"line":15,"column":0},"end":{"line":15,"column":111}},"15":{"start":{"line":16,"column":0},"end":{"line":16,"column":0}},"16":{"start":{"line":17,"column":0},"end":{"line":17,"column":26}},"17":{"start":{"line":18,"column":0},"end":{"line":18,"column":55}},"18":{"start":{"line":19,"column":0},"end":{"line":19,"column":0}},"19":{"start":{"line":20,"column":0},"end":{"line":20,"column":20}},"20":{"start":{"line":21,"column":0},"end":{"line":21,"column":28}},"21":{"start":{"line":22,"column":0},"end":{"line":22,"column":9}},"22":{"start":{"line":23,"column":0},"end":{"line":23,"column":23}},"23":{"start":{"line":24,"column":0},"end":{"line":24,"column":0}},"24":{"start":{"line":25,"column":0},"end":{"line":25,"column":29}},"25":{"start":{"line":26,"column":0},"end":{"line":26,"column":2}},"26":{"start":{"line":27,"column":0},"end":{"line":27,"column":0}},"27":{"start":{"line":28,"column":0},"end":{"line":28,"column":21}}},"s":{"0":1,"1":0,"2":0,"3":0,"4":0,"5":0,"6":0,"7":0,"8":0,"9":0,"10":0,"11":0,"12":0,"13":0,"14":0,"15":0,"16":0,"17":0,"18":0,"19":0,"20":0,"21":0,"22":0,"23":0,"24":0,"25":0,"26":1,"27":1},"branchMap":{},"b":{},"fnMap":{"0":{"name":"plain","decl":{"start":{"line":1,"column":14},"end":{"line":26,"column":2}},"loc":{"start":{"line":1,"column":14},"end":{"line":26,"column":2}},"line":1}},"f":{"0":0}}
,"C:\\Users\\User\\Desktop\\projects\\frontend-project-46\\src\\formatters\\stylish.js": {"path":"C:\\Users\\User\\Desktop\\projects\\frontend-project-46\\src\\formatters\\stylish.js","all":false,"statementMap":{"0":{"start":{"line":1,"column":0},"end":{"line":1,"column":23}},"1":{"start":{"line":2,"column":0},"end":{"line":2,"column":0}},"2":{"start":{"line":3,"column":0},"end":{"line":3,"column":33}},"3":{"start":{"line":4,"column":0},"end":{"line":4,"column":41}},"4":{"start":{"line":5,"column":0},"end":{"line":5,"column":4}},"5":{"start":{"line":6,"column":0},"end":{"line":6,"column":29}},"6":{"start":{"line":7,"column":0},"end":{"line":7,"column":21}},"7":{"start":{"line":8,"column":0},"end":{"line":8,"column":5}},"8":{"start":{"line":9,"column":0},"end":{"line":9,"column":51}},"9":{"start":{"line":10,"column":0},"end":{"line":10,"column":63}},"10":{"start":{"line":11,"column":0},"end":{"line":11,"column":6}},"11":{"start":{"line":12,"column":0},"end":{"line":12,"column":44}},"12":{"start":{"line":13,"column":0},"end":{"line":13,"column":4}},"13":{"start":{"line":14,"column":0},"end":{"line":14,"column":1}},"14":{"start":{"line":15,"column":0},"end":{"line":15,"column":0}},"15":{"start":{"line":16,"column":0},"end":{"line":16,"column":39}},"16":{"start":{"line":17,"column":0},"end":{"line":17,"column":40}},"17":{"start":{"line":18,"column":0},"end":{"line":18,"column":42}},"18":{"start":{"line":19,"column":0},"end":{"line":19,"column":31}},"19":{"start":{"line":20,"column":0},"end":{"line":20,"column":18}},"20":{"start":{"line":21,"column":0},"end":{"line":21,"column":22}},"21":{"start":{"line":22,"column":0},"end":{"line":22,"column":78}},"22":{"start":{"line":23,"column":0},"end":{"line":23,"column":8}},"23":{"start":{"line":24,"column":0},"end":{"line":24,"column":24}},"24":{"start":{"line":25,"column":0},"end":{"line":25,"column":78}},"25":{"start":{"line":26,"column":0},"end":{"line":26,"column":0}},"26":{"start":{"line":27,"column":0},"end":{"line":27,"column":26}},"27":{"start":{"line":28,"column":0},"end":{"line":28,"column":78}},"28":{"start":{"line":29,"column":0},"end":{"line":29,"column":0}},"29":{"start":{"line":30,"column":0},"end":{"line":30,"column":24}},"30":{"start":{"line":31,"column":0},"end":{"line":31,"column":137}},"31":{"start":{"line":32,"column":0},"end":{"line":32,"column":0}},"32":{"start":{"line":33,"column":0},"end":{"line":33,"column":23}},"33":{"start":{"line":34,"column":0},"end":{"line":34,"column":52}},"34":{"start":{"line":35,"column":0},"end":{"line":35,"column":0}},"35":{"start":{"line":36,"column":0},"end":{"line":36,"column":17}},"36":{"start":{"line":37,"column":0},"end":{"line":37,"column":25}},"37":{"start":{"line":38,"column":0},"end":{"line":38,"column":5}},"38":{"start":{"line":39,"column":0},"end":{"line":39,"column":1}},"39":{"start":{"line":40,"column":0},"end":{"line":40,"column":18}},"40":{"start":{"line":41,"column":0},"end":{"line":41,"column":47}},"41":{"start":{"line":42,"column":0},"end":{"line":42,"column":2}},"42":{"start":{"line":43,"column":0},"end":{"line":43,"column":0}},"43":{"start":{"line":44,"column":0},"end":{"line":44,"column":23}}},"s":{"0":1,"1":1,"2":1,"3":81,"4":81,"5":81,"6":60,"7":60,"8":21,"9":27,"10":21,"11":21,"12":21,"13":21,"14":1,"15":1,"16":15,"17":15,"18":54,"19":54,"20":54,"21":15,"22":54,"23":54,"24":6,"25":54,"26":54,"27":9,"28":54,"29":54,"30":12,"31":54,"32":54,"33":12,"34":54,"35":54,"36":0,"37":54,"38":54,"39":15,"40":15,"41":15,"42":1,"43":1},"branchMap":{"0":{"type":"branch","line":3,"loc":{"start":{"line":3,"column":14},"end":{"line":14,"column":1}},"locations":[{"start":{"line":3,"column":14},"end":{"line":14,"column":1}}]},"1":{"type":"branch","line":6,"loc":{"start":{"line":6,"column":28},"end":{"line":8,"column":5}},"locations":[{"start":{"line":6,"column":28},"end":{"line":8,"column":5}}]},"2":{"type":"branch","line":8,"loc":{"start":{"line":8,"column":4},"end":{"line":14,"column":1}},"locations":[{"start":{"line":8,"column":4},"end":{"line":14,"column":1}}]},"3":{"type":"branch","line":9,"loc":{"start":{"line":9,"column":42},"end":{"line":11,"column":5}},"locations":[{"start":{"line":9,"column":42},"end":{"line":11,"column":5}}]},"4":{"type":"branch","line":16,"loc":{"start":{"line":16,"column":16},"end":{"line":42,"column":2}},"locations":[{"start":{"line":16,"column":16},"end":{"line":42,"column":2}}]},"5":{"type":"branch","line":18,"loc":{"start":{"line":18,"column":29},"end":{"line":39,"column":1}},"locations":[{"start":{"line":18,"column":29},"end":{"line":39,"column":1}}]},"6":{"type":"branch","line":21,"loc":{"start":{"line":21,"column":8},"end":{"line":22,"column":78}},"locations":[{"start":{"line":21,"column":8},"end":{"line":22,"column":78}}]},"7":{"type":"branch","line":24,"loc":{"start":{"line":24,"column":8},"end":{"line":25,"column":78}},"locations":[{"start":{"line":24,"column":8},"end":{"line":25,"column":78}}]},"8":{"type":"branch","line":27,"loc":{"start":{"line":27,"column":8},"end":{"line":28,"column":78}},"locations":[{"start":{"line":27,"column":8},"end":{"line":28,"column":78}}]},"9":{"type":"branch","line":30,"loc":{"start":{"line":30,"column":8},"end":{"line":31,"column":137}},"locations":[{"start":{"line":30,"column":8},"end":{"line":31,"column":137}}]},"10":{"type":"branch","line":33,"loc":{"start":{"line":33,"column":8},"end":{"line":34,"column":52}},"locations":[{"start":{"line":33,"column":8},"end":{"line":34,"column":52}}]},"11":{"type":"branch","line":36,"loc":{"start":{"line":36,"column":8},"end":{"line":37,"column":25}},"locations":[{"start":{"line":36,"column":8},"end":{"line":37,"column":25}}]}},"b":{"0":[81],"1":[60],"2":[21],"3":[27],"4":[15],"5":[54],"6":[15],"7":[6],"8":[9],"9":[12],"10":[12],"11":[0]},"fnMap":{"0":{"name":"toStr","decl":{"start":{"line":3,"column":14},"end":{"line":14,"column":1}},"loc":{"start":{"line":3,"column":14},"end":{"line":14,"column":1}},"line":3},"1":{"name":"stylish","decl":{"start":{"line":16,"column":16},"end":{"line":42,"column":2}},"loc":{"start":{"line":16,"column":16},"end":{"line":42,"column":2}},"line":16}},"f":{"0":81,"1":15}}
}
