{"C:\\Users\\Rustam\\Desktop\\rustam\\hexlet\\frontend-project-46\\src\\compare.js": {"path":"C:\\Users\\Rustam\\Desktop\\rustam\\hexlet\\frontend-project-46\\src\\compare.js","all":false,"statementMap":{"0":{"start":{"line":1,"column":0},"end":{"line":1,"column":23}},"1":{"start":{"line":2,"column":0},"end":{"line":2,"column":0}},"2":{"start":{"line":3,"column":0},"end":{"line":3,"column":19}},"3":{"start":{"line":4,"column":0},"end":{"line":4,"column":19}},"4":{"start":{"line":5,"column":0},"end":{"line":5,"column":23}},"5":{"start":{"line":6,"column":0},"end":{"line":6,"column":23}},"6":{"start":{"line":7,"column":0},"end":{"line":7,"column":27}},"7":{"start":{"line":8,"column":0},"end":{"line":8,"column":21}},"8":{"start":{"line":9,"column":0},"end":{"line":9,"column":1}},"9":{"start":{"line":10,"column":0},"end":{"line":10,"column":0}},"10":{"start":{"line":11,"column":0},"end":{"line":11,"column":33}},"11":{"start":{"line":12,"column":0},"end":{"line":12,"column":63}},"12":{"start":{"line":13,"column":0},"end":{"line":13,"column":38}},"13":{"start":{"line":14,"column":0},"end":{"line":14,"column":0}},"14":{"start":{"line":15,"column":0},"end":{"line":15,"column":44}},"15":{"start":{"line":16,"column":0},"end":{"line":16,"column":33}},"16":{"start":{"line":17,"column":0},"end":{"line":17,"column":33}},"17":{"start":{"line":18,"column":0},"end":{"line":18,"column":0}},"18":{"start":{"line":19,"column":0},"end":{"line":19,"column":53}},"19":{"start":{"line":20,"column":0},"end":{"line":20,"column":82}},"20":{"start":{"line":21,"column":0},"end":{"line":21,"column":9}},"21":{"start":{"line":22,"column":0},"end":{"line":22,"column":8}},"22":{"start":{"line":23,"column":0},"end":{"line":23,"column":32}},"23":{"start":{"line":24,"column":0},"end":{"line":24,"column":67}},"24":{"start":{"line":25,"column":0},"end":{"line":25,"column":9}},"25":{"start":{"line":26,"column":0},"end":{"line":26,"column":67}},"26":{"start":{"line":27,"column":0},"end":{"line":27,"column":81}},"27":{"start":{"line":28,"column":0},"end":{"line":28,"column":9}},"28":{"start":{"line":29,"column":0},"end":{"line":29,"column":39}},"29":{"start":{"line":30,"column":0},"end":{"line":30,"column":65}},"30":{"start":{"line":31,"column":0},"end":{"line":31,"column":9}},"31":{"start":{"line":32,"column":0},"end":{"line":32,"column":59}},"32":{"start":{"line":33,"column":0},"end":{"line":33,"column":7}},"33":{"start":{"line":34,"column":0},"end":{"line":34,"column":0}},"34":{"start":{"line":35,"column":0},"end":{"line":35,"column":18}},"35":{"start":{"line":36,"column":0},"end":{"line":36,"column":2}},"36":{"start":{"line":37,"column":0},"end":{"line":37,"column":23}}},"s":{"0":1,"1":1,"2":1,"3":1,"4":1,"5":1,"6":1,"7":1,"8":1,"9":1,"10":1,"11":15,"12":15,"13":15,"14":15,"15":54,"16":54,"17":54,"18":54,"19":12,"20":12,"21":42,"22":54,"23":9,"24":9,"25":54,"26":12,"27":12,"28":54,"29":6,"30":6,"31":15,"32":15,"33":15,"34":15,"35":15,"36":1},"branchMap":{"0":{"type":"branch","line":11,"loc":{"start":{"line":11,"column":16},"end":{"line":36,"column":2}},"locations":[{"start":{"line":11,"column":16},"end":{"line":36,"column":2}}]},"1":{"type":"branch","line":15,"loc":{"start":{"line":15,"column":35},"end":{"line":33,"column":5}},"locations":[{"start":{"line":15,"column":35},"end":{"line":33,"column":5}}]},"2":{"type":"branch","line":19,"loc":{"start":{"line":19,"column":29},"end":{"line":19,"column":51}},"locations":[{"start":{"line":19,"column":29},"end":{"line":19,"column":51}}]},"3":{"type":"branch","line":19,"loc":{"start":{"line":19,"column":52},"end":{"line":21,"column":9}},"locations":[{"start":{"line":19,"column":52},"end":{"line":21,"column":9}}]},"4":{"type":"branch","line":21,"loc":{"start":{"line":21,"column":8},"end":{"line":23,"column":31}},"locations":[{"start":{"line":21,"column":8},"end":{"line":23,"column":31}}]},"5":{"type":"branch","line":23,"loc":{"start":{"line":23,"column":31},"end":{"line":25,"column":9}},"locations":[{"start":{"line":23,"column":31},"end":{"line":25,"column":9}}]},"6":{"type":"branch","line":25,"loc":{"start":{"line":25,"column":8},"end":{"line":26,"column":40}},"locations":[{"start":{"line":25,"column":8},"end":{"line":26,"column":40}}]},"7":{"type":"branch","line":26,"loc":{"start":{"line":26,"column":36},"end":{"line":26,"column":64}},"locations":[{"start":{"line":26,"column":36},"end":{"line":26,"column":64}}]},"8":{"type":"branch","line":26,"loc":{"start":{"line":26,"column":66},"end":{"line":28,"column":9}},"locations":[{"start":{"line":26,"column":66},"end":{"line":28,"column":9}}]},"9":{"type":"branch","line":28,"loc":{"start":{"line":28,"column":8},"end":{"line":29,"column":38}},"locations":[{"start":{"line":28,"column":8},"end":{"line":29,"column":38}}]},"10":{"type":"branch","line":29,"loc":{"start":{"line":29,"column":38},"end":{"line":31,"column":9}},"locations":[{"start":{"line":29,"column":38},"end":{"line":31,"column":9}}]},"11":{"type":"branch","line":31,"loc":{"start":{"line":31,"column":8},"end":{"line":33,"column":5}},"locations":[{"start":{"line":31,"column":8},"end":{"line":33,"column":5}}]}},"b":{"0":[15],"1":[54],"2":[18],"3":[12],"4":[42],"5":[9],"6":[33],"7":[18],"8":[12],"9":[21],"10":[6],"11":[15]},"fnMap":{"0":{"name":"compare","decl":{"start":{"line":11,"column":16},"end":{"line":36,"column":2}},"loc":{"start":{"line":11,"column":16},"end":{"line":36,"column":2}},"line":11}},"f":{"0":15}}
,"C:\\Users\\Rustam\\Desktop\\rustam\\hexlet\\frontend-project-46\\src\\index.js": {"path":"C:\\Users\\Rustam\\Desktop\\rustam\\hexlet\\frontend-project-46\\src\\index.js","all":false,"statementMap":{"0":{"start":{"line":1,"column":0},"end":{"line":1,"column":20}},"1":{"start":{"line":2,"column":0},"end":{"line":2,"column":24}},"2":{"start":{"line":3,"column":0},"end":{"line":3,"column":23}},"3":{"start":{"line":4,"column":0},"end":{"line":4,"column":50}},"4":{"start":{"line":5,"column":0},"end":{"line":5,"column":33}},"5":{"start":{"line":6,"column":0},"end":{"line":6,"column":35}},"6":{"start":{"line":7,"column":0},"end":{"line":7,"column":0}},"7":{"start":{"line":8,"column":0},"end":{"line":8,"column":0}},"8":{"start":{"line":9,"column":0},"end":{"line":9,"column":35}},"9":{"start":{"line":10,"column":0},"end":{"line":10,"column":39}},"10":{"start":{"line":11,"column":0},"end":{"line":11,"column":34}},"11":{"start":{"line":12,"column":0},"end":{"line":12,"column":42}},"12":{"start":{"line":13,"column":0},"end":{"line":13,"column":28}},"13":{"start":{"line":14,"column":0},"end":{"line":14,"column":2}},"14":{"start":{"line":15,"column":0},"end":{"line":15,"column":0}},"15":{"start":{"line":16,"column":0},"end":{"line":16,"column":52}},"16":{"start":{"line":17,"column":0},"end":{"line":17,"column":59}},"17":{"start":{"line":18,"column":0},"end":{"line":18,"column":59}},"18":{"start":{"line":19,"column":0},"end":{"line":19,"column":0}},"19":{"start":{"line":20,"column":0},"end":{"line":20,"column":62}},"20":{"start":{"line":21,"column":0},"end":{"line":21,"column":62}},"21":{"start":{"line":22,"column":0},"end":{"line":22,"column":0}},"22":{"start":{"line":23,"column":0},"end":{"line":23,"column":39}},"23":{"start":{"line":24,"column":0},"end":{"line":24,"column":51}},"24":{"start":{"line":25,"column":0},"end":{"line":25,"column":23}},"25":{"start":{"line":26,"column":0},"end":{"line":26,"column":1}},"26":{"start":{"line":27,"column":0},"end":{"line":27,"column":0}},"27":{"start":{"line":28,"column":0},"end":{"line":28,"column":23}}},"s":{"0":1,"1":1,"2":1,"3":1,"4":1,"5":1,"6":1,"7":1,"8":1,"9":6,"10":6,"11":6,"12":6,"13":6,"14":1,"15":1,"16":3,"17":3,"18":3,"19":3,"20":3,"21":3,"22":3,"23":3,"24":3,"25":3,"26":1,"27":1},"branchMap":{"0":{"type":"branch","line":9,"loc":{"start":{"line":9,"column":21},"end":{"line":14,"column":2}},"locations":[{"start":{"line":9,"column":21},"end":{"line":14,"column":2}}]},"1":{"type":"branch","line":16,"loc":{"start":{"line":16,"column":16},"end":{"line":26,"column":1}},"locations":[{"start":{"line":16,"column":16},"end":{"line":26,"column":1}}]}},"b":{"0":[6],"1":[3]},"fnMap":{"0":{"name":"getFileData","decl":{"start":{"line":9,"column":21},"end":{"line":14,"column":2}},"loc":{"start":{"line":9,"column":21},"end":{"line":14,"column":2}},"line":9},"1":{"name":"gendiff","decl":{"start":{"line":16,"column":16},"end":{"line":26,"column":1}},"loc":{"start":{"line":16,"column":16},"end":{"line":26,"column":1}},"line":16}},"f":{"0":6,"1":3}}
,"C:\\Users\\Rustam\\Desktop\\rustam\\hexlet\\frontend-project-46\\src\\parser.js": {"path":"C:\\Users\\Rustam\\Desktop\\rustam\\hexlet\\frontend-project-46\\src\\parser.js","all":false,"statementMap":{"0":{"start":{"line":1,"column":0},"end":{"line":1,"column":27}},"1":{"start":{"line":2,"column":0},"end":{"line":2,"column":0}},"2":{"start":{"line":3,"column":0},"end":{"line":3,"column":37}},"3":{"start":{"line":4,"column":0},"end":{"line":4,"column":30}},"4":{"start":{"line":5,"column":0},"end":{"line":5,"column":32}},"5":{"start":{"line":6,"column":0},"end":{"line":6,"column":9}},"6":{"start":{"line":7,"column":0},"end":{"line":7,"column":4}},"7":{"start":{"line":8,"column":0},"end":{"line":8,"column":53}},"8":{"start":{"line":9,"column":0},"end":{"line":9,"column":31}},"9":{"start":{"line":10,"column":0},"end":{"line":10,"column":9}},"10":{"start":{"line":11,"column":0},"end":{"line":11,"column":6}},"11":{"start":{"line":12,"column":0},"end":{"line":12,"column":0}},"12":{"start":{"line":13,"column":0},"end":{"line":13,"column":22}}},"s":{"0":1,"1":1,"2":1,"3":6,"4":3,"5":3,"6":3,"7":6,"8":3,"9":3,"10":6,"11":1,"12":1},"branchMap":{"0":{"type":"branch","line":3,"loc":{"start":{"line":3,"column":15},"end":{"line":11,"column":6}},"locations":[{"start":{"line":3,"column":15},"end":{"line":11,"column":6}}]},"1":{"type":"branch","line":4,"loc":{"start":{"line":4,"column":29},"end":{"line":8,"column":32}},"locations":[{"start":{"line":4,"column":29},"end":{"line":8,"column":32}}]},"2":{"type":"branch","line":8,"loc":{"start":{"line":8,"column":28},"end":{"line":8,"column":51}},"locations":[{"start":{"line":8,"column":28},"end":{"line":8,"column":51}}]},"3":{"type":"branch","line":8,"loc":{"start":{"line":8,"column":52},"end":{"line":10,"column":9}},"locations":[{"start":{"line":8,"column":52},"end":{"line":10,"column":9}}]}},"b":{"0":[6],"1":[3],"2":[0],"3":[3]},"fnMap":{"0":{"name":"parser","decl":{"start":{"line":3,"column":15},"end":{"line":11,"column":6}},"loc":{"start":{"line":3,"column":15},"end":{"line":11,"column":6}},"line":3}},"f":{"0":6}}
,"C:\\Users\\Rustam\\Desktop\\rustam\\hexlet\\frontend-project-46\\src\\formatters\\formatter.js": {"path":"C:\\Users\\Rustam\\Desktop\\rustam\\hexlet\\frontend-project-46\\src\\formatters\\formatter.js","all":false,"statementMap":{"0":{"start":{"line":1,"column":0},"end":{"line":1,"column":29}},"1":{"start":{"line":2,"column":0},"end":{"line":2,"column":31}},"2":{"start":{"line":3,"column":0},"end":{"line":3,"column":35}},"3":{"start":{"line":4,"column":0},"end":{"line":4,"column":0}},"4":{"start":{"line":5,"column":0},"end":{"line":5,"column":43}},"5":{"start":{"line":6,"column":0},"end":{"line":6,"column":20}},"6":{"start":{"line":7,"column":0},"end":{"line":7,"column":21}},"7":{"start":{"line":8,"column":0},"end":{"line":8,"column":25}},"8":{"start":{"line":9,"column":0},"end":{"line":9,"column":23}},"9":{"start":{"line":10,"column":0},"end":{"line":10,"column":27}},"10":{"start":{"line":11,"column":0},"end":{"line":11,"column":20}},"11":{"start":{"line":12,"column":0},"end":{"line":12,"column":24}},"12":{"start":{"line":13,"column":0},"end":{"line":13,"column":8}},"13":{"start":{"line":14,"column":0},"end":{"line":14,"column":62}},"14":{"start":{"line":15,"column":0},"end":{"line":15,"column":5}},"15":{"start":{"line":16,"column":0},"end":{"line":16,"column":2}},"16":{"start":{"line":17,"column":0},"end":{"line":17,"column":0}},"17":{"start":{"line":18,"column":0},"end":{"line":18,"column":25}}},"s":{"0":1,"1":1,"2":1,"3":1,"4":1,"5":3,"6":3,"7":1,"8":3,"9":1,"10":3,"11":1,"12":3,"13":3,"14":3,"15":3,"16":1,"17":1},"branchMap":{"0":{"type":"branch","line":5,"loc":{"start":{"line":5,"column":18},"end":{"line":16,"column":2}},"locations":[{"start":{"line":5,"column":18},"end":{"line":16,"column":2}}]},"1":{"type":"branch","line":7,"loc":{"start":{"line":7,"column":8},"end":{"line":8,"column":25}},"locations":[{"start":{"line":7,"column":8},"end":{"line":8,"column":25}}]},"2":{"type":"branch","line":9,"loc":{"start":{"line":9,"column":8},"end":{"line":10,"column":27}},"locations":[{"start":{"line":9,"column":8},"end":{"line":10,"column":27}}]},"3":{"type":"branch","line":11,"loc":{"start":{"line":11,"column":8},"end":{"line":12,"column":24}},"locations":[{"start":{"line":11,"column":8},"end":{"line":12,"column":24}}]},"4":{"type":"branch","line":14,"loc":{"start":{"line":14,"column":8},"end":{"line":14,"column":62}},"locations":[{"start":{"line":14,"column":8},"end":{"line":14,"column":62}}]}},"b":{"0":[3],"1":[1],"2":[1],"3":[1],"4":[0]},"fnMap":{"0":{"name":"formatter","decl":{"start":{"line":5,"column":18},"end":{"line":16,"column":2}},"loc":{"start":{"line":5,"column":18},"end":{"line":16,"column":2}},"line":5}},"f":{"0":3}}
,"C:\\Users\\Rustam\\Desktop\\rustam\\hexlet\\frontend-project-46\\src\\formatters\\json.js": {"path":"C:\\Users\\Rustam\\Desktop\\rustam\\hexlet\\frontend-project-46\\src\\formatters\\json.js","all":false,"statementMap":{"0":{"start":{"line":1,"column":0},"end":{"line":1,"column":44}},"1":{"start":{"line":2,"column":0},"end":{"line":2,"column":0}},"2":{"start":{"line":3,"column":0},"end":{"line":3,"column":20}}},"s":{"0":1,"1":1,"2":1},"branchMap":{"0":{"type":"branch","line":1,"loc":{"start":{"line":1,"column":14},"end":{"line":1,"column":43}},"locations":[{"start":{"line":1,"column":14},"end":{"line":1,"column":43}}]}},"b":{"0":[1]},"fnMap":{"0":{"name":"json","decl":{"start":{"line":1,"column":14},"end":{"line":1,"column":43}},"loc":{"start":{"line":1,"column":14},"end":{"line":1,"column":43}},"line":1}},"f":{"0":1}}
,"C:\\Users\\Rustam\\Desktop\\rustam\\hexlet\\frontend-project-46\\src\\formatters\\plain.js": {"path":"C:\\Users\\Rustam\\Desktop\\rustam\\hexlet\\frontend-project-46\\src\\formatters\\plain.js","all":false,"statementMap":{"0":{"start":{"line":1,"column":0},"end":{"line":1,"column":23}},"1":{"start":{"line":2,"column":0},"end":{"line":2,"column":0}},"2":{"start":{"line":3,"column":0},"end":{"line":3,"column":32}},"3":{"start":{"line":4,"column":0},"end":{"line":4,"column":35}},"4":{"start":{"line":5,"column":0},"end":{"line":5,"column":28}},"5":{"start":{"line":6,"column":0},"end":{"line":6,"column":5}},"6":{"start":{"line":7,"column":0},"end":{"line":7,"column":27}},"7":{"start":{"line":8,"column":0},"end":{"line":8,"column":33}},"8":{"start":{"line":9,"column":0},"end":{"line":9,"column":6}},"9":{"start":{"line":10,"column":0},"end":{"line":10,"column":17}},"10":{"start":{"line":11,"column":0},"end":{"line":11,"column":1}},"11":{"start":{"line":12,"column":0},"end":{"line":12,"column":0}},"12":{"start":{"line":13,"column":0},"end":{"line":13,"column":36}},"13":{"start":{"line":14,"column":0},"end":{"line":14,"column":42}},"14":{"start":{"line":15,"column":0},"end":{"line":15,"column":34}},"15":{"start":{"line":16,"column":0},"end":{"line":16,"column":8}},"16":{"start":{"line":17,"column":0},"end":{"line":17,"column":66}},"17":{"start":{"line":18,"column":0},"end":{"line":18,"column":8}},"18":{"start":{"line":19,"column":0},"end":{"line":19,"column":23}},"19":{"start":{"line":20,"column":0},"end":{"line":20,"column":25}},"20":{"start":{"line":21,"column":0},"end":{"line":21,"column":95}},"21":{"start":{"line":22,"column":0},"end":{"line":22,"column":16}},"22":{"start":{"line":23,"column":0},"end":{"line":23,"column":27}},"23":{"start":{"line":24,"column":0},"end":{"line":24,"column":55}},"24":{"start":{"line":25,"column":0},"end":{"line":25,"column":16}},"25":{"start":{"line":26,"column":0},"end":{"line":26,"column":29}},"26":{"start":{"line":27,"column":0},"end":{"line":27,"column":28}},"27":{"start":{"line":28,"column":0},"end":{"line":28,"column":0}},"28":{"start":{"line":29,"column":0},"end":{"line":29,"column":27}},"29":{"start":{"line":30,"column":0},"end":{"line":30,"column":125}},"30":{"start":{"line":31,"column":0},"end":{"line":31,"column":0}},"31":{"start":{"line":32,"column":0},"end":{"line":32,"column":26}},"32":{"start":{"line":33,"column":0},"end":{"line":33,"column":50}},"33":{"start":{"line":34,"column":0},"end":{"line":34,"column":0}},"34":{"start":{"line":35,"column":0},"end":{"line":35,"column":20}},"35":{"start":{"line":36,"column":0},"end":{"line":36,"column":28}},"36":{"start":{"line":37,"column":0},"end":{"line":37,"column":9}},"37":{"start":{"line":38,"column":0},"end":{"line":38,"column":23}},"38":{"start":{"line":39,"column":0},"end":{"line":39,"column":34}},"39":{"start":{"line":40,"column":0},"end":{"line":40,"column":29}},"40":{"start":{"line":41,"column":0},"end":{"line":41,"column":2}},"41":{"start":{"line":42,"column":0},"end":{"line":42,"column":0}},"42":{"start":{"line":43,"column":0},"end":{"line":43,"column":21}}},"s":{"0":1,"1":1,"2":1,"3":13,"4":7,"5":7,"6":13,"7":3,"8":3,"9":3,"10":3,"11":1,"12":1,"13":5,"14":18,"15":18,"16":18,"17":18,"18":18,"19":18,"20":5,"21":18,"22":18,"23":2,"24":18,"25":18,"26":3,"27":18,"28":18,"29":4,"30":18,"31":18,"32":4,"33":18,"34":18,"35":0,"36":18,"37":5,"38":5,"39":5,"40":5,"41":1,"42":1},"branchMap":{"0":{"type":"branch","line":3,"loc":{"start":{"line":3,"column":21},"end":{"line":11,"column":1}},"locations":[{"start":{"line":3,"column":21},"end":{"line":11,"column":1}}]},"1":{"type":"branch","line":4,"loc":{"start":{"line":4,"column":34},"end":{"line":6,"column":5}},"locations":[{"start":{"line":4,"column":34},"end":{"line":6,"column":5}}]},"2":{"type":"branch","line":6,"loc":{"start":{"line":6,"column":4},"end":{"line":7,"column":26}},"locations":[{"start":{"line":6,"column":4},"end":{"line":7,"column":26}}]},"3":{"type":"branch","line":7,"loc":{"start":{"line":7,"column":26},"end":{"line":11,"column":1}},"locations":[{"start":{"line":7,"column":26},"end":{"line":11,"column":1}}]},"4":{"type":"branch","line":13,"loc":{"start":{"line":13,"column":14},"end":{"line":41,"column":2}},"locations":[{"start":{"line":13,"column":14},"end":{"line":41,"column":2}}]},"5":{"type":"branch","line":14,"loc":{"start":{"line":14,"column":29},"end":{"line":38,"column":5}},"locations":[{"start":{"line":14,"column":29},"end":{"line":38,"column":5}}]},"6":{"type":"branch","line":17,"loc":{"start":{"line":17,"column":41},"end":{"line":17,"column":46}},"locations":[{"start":{"line":17,"column":41},"end":{"line":17,"column":46}}]},"7":{"type":"branch","line":17,"loc":{"start":{"line":17,"column":46},"end":{"line":17,"column":49}},"locations":[{"start":{"line":17,"column":46},"end":{"line":17,"column":49}}]},"8":{"type":"branch","line":20,"loc":{"start":{"line":20,"column":12},"end":{"line":21,"column":95}},"locations":[{"start":{"line":20,"column":12},"end":{"line":21,"column":95}}]},"9":{"type":"branch","line":23,"loc":{"start":{"line":23,"column":12},"end":{"line":24,"column":55}},"locations":[{"start":{"line":23,"column":12},"end":{"line":24,"column":55}}]},"10":{"type":"branch","line":26,"loc":{"start":{"line":26,"column":12},"end":{"line":27,"column":28}},"locations":[{"start":{"line":26,"column":12},"end":{"line":27,"column":28}}]},"11":{"type":"branch","line":29,"loc":{"start":{"line":29,"column":12},"end":{"line":30,"column":125}},"locations":[{"start":{"line":29,"column":12},"end":{"line":30,"column":125}}]},"12":{"type":"branch","line":32,"loc":{"start":{"line":32,"column":12},"end":{"line":33,"column":50}},"locations":[{"start":{"line":32,"column":12},"end":{"line":33,"column":50}}]},"13":{"type":"branch","line":35,"loc":{"start":{"line":35,"column":12},"end":{"line":36,"column":28}},"locations":[{"start":{"line":35,"column":12},"end":{"line":36,"column":28}}]}},"b":{"0":[13],"1":[7],"2":[6],"3":[3],"4":[5],"5":[18],"6":[14],"7":[4],"8":[5],"9":[2],"10":[3],"11":[4],"12":[4],"13":[0]},"fnMap":{"0":{"name":"formatValue","decl":{"start":{"line":3,"column":21},"end":{"line":11,"column":1}},"loc":{"start":{"line":3,"column":21},"end":{"line":11,"column":1}},"line":3},"1":{"name":"plain","decl":{"start":{"line":13,"column":14},"end":{"line":41,"column":2}},"loc":{"start":{"line":13,"column":14},"end":{"line":41,"column":2}},"line":13}},"f":{"0":13,"1":5}}
,"C:\\Users\\Rustam\\Desktop\\rustam\\hexlet\\frontend-project-46\\src\\formatters\\stylish.js": {"path":"C:\\Users\\Rustam\\Desktop\\rustam\\hexlet\\frontend-project-46\\src\\formatters\\stylish.js","all":false,"statementMap":{"0":{"start":{"line":1,"column":0},"end":{"line":1,"column":23}},"1":{"start":{"line":2,"column":0},"end":{"line":2,"column":0}},"2":{"start":{"line":3,"column":0},"end":{"line":3,"column":0}},"3":{"start":{"line":4,"column":0},"end":{"line":4,"column":37}},"4":{"start":{"line":5,"column":0},"end":{"line":5,"column":41}},"5":{"start":{"line":6,"column":0},"end":{"line":6,"column":1}},"6":{"start":{"line":7,"column":0},"end":{"line":7,"column":0}},"7":{"start":{"line":8,"column":0},"end":{"line":8,"column":51}},"8":{"start":{"line":9,"column":0},"end":{"line":9,"column":70}},"9":{"start":{"line":10,"column":0},"end":{"line":10,"column":0}},"10":{"start":{"line":11,"column":0},"end":{"line":11,"column":1}},"11":{"start":{"line":12,"column":0},"end":{"line":12,"column":0}},"12":{"start":{"line":13,"column":0},"end":{"line":13,"column":37}},"13":{"start":{"line":14,"column":0},"end":{"line":14,"column":37}},"14":{"start":{"line":15,"column":0},"end":{"line":15,"column":4}},"15":{"start":{"line":16,"column":0},"end":{"line":16,"column":29}},"16":{"start":{"line":17,"column":0},"end":{"line":17,"column":21}},"17":{"start":{"line":18,"column":0},"end":{"line":18,"column":5}},"18":{"start":{"line":19,"column":0},"end":{"line":19,"column":51}},"19":{"start":{"line":20,"column":0},"end":{"line":20,"column":63}},"20":{"start":{"line":21,"column":0},"end":{"line":21,"column":6}},"21":{"start":{"line":22,"column":0},"end":{"line":22,"column":58}},"22":{"start":{"line":23,"column":0},"end":{"line":23,"column":4}},"23":{"start":{"line":24,"column":0},"end":{"line":24,"column":1}},"24":{"start":{"line":25,"column":0},"end":{"line":25,"column":0}},"25":{"start":{"line":26,"column":0},"end":{"line":26,"column":39}},"26":{"start":{"line":27,"column":0},"end":{"line":27,"column":40}},"27":{"start":{"line":28,"column":0},"end":{"line":28,"column":42}},"28":{"start":{"line":29,"column":0},"end":{"line":29,"column":31}},"29":{"start":{"line":30,"column":0},"end":{"line":30,"column":18}},"30":{"start":{"line":31,"column":0},"end":{"line":31,"column":22}},"31":{"start":{"line":32,"column":0},"end":{"line":32,"column":75}},"32":{"start":{"line":33,"column":0},"end":{"line":33,"column":12}},"33":{"start":{"line":34,"column":0},"end":{"line":34,"column":8}},"34":{"start":{"line":35,"column":0},"end":{"line":35,"column":24}},"35":{"start":{"line":36,"column":0},"end":{"line":36,"column":75}},"36":{"start":{"line":37,"column":0},"end":{"line":37,"column":0}},"37":{"start":{"line":38,"column":0},"end":{"line":38,"column":26}},"38":{"start":{"line":39,"column":0},"end":{"line":39,"column":76}},"39":{"start":{"line":40,"column":0},"end":{"line":40,"column":0}},"40":{"start":{"line":41,"column":0},"end":{"line":41,"column":24}},"41":{"start":{"line":42,"column":0},"end":{"line":42,"column":141}},"42":{"start":{"line":43,"column":0},"end":{"line":43,"column":0}},"43":{"start":{"line":44,"column":0},"end":{"line":44,"column":23}},"44":{"start":{"line":45,"column":0},"end":{"line":45,"column":77}},"45":{"start":{"line":46,"column":0},"end":{"line":46,"column":0}},"46":{"start":{"line":47,"column":0},"end":{"line":47,"column":17}},"47":{"start":{"line":48,"column":0},"end":{"line":48,"column":25}},"48":{"start":{"line":49,"column":0},"end":{"line":49,"column":5}},"49":{"start":{"line":50,"column":0},"end":{"line":50,"column":1}},"50":{"start":{"line":51,"column":0},"end":{"line":51,"column":18}},"51":{"start":{"line":52,"column":0},"end":{"line":52,"column":0}},"52":{"start":{"line":53,"column":0},"end":{"line":53,"column":22}},"53":{"start":{"line":54,"column":0},"end":{"line":54,"column":43}},"54":{"start":{"line":55,"column":0},"end":{"line":55,"column":55}},"55":{"start":{"line":56,"column":0},"end":{"line":56,"column":2}},"56":{"start":{"line":57,"column":0},"end":{"line":57,"column":0}},"57":{"start":{"line":58,"column":0},"end":{"line":58,"column":23}}},"s":{"0":1,"1":1,"2":1,"3":1,"4":34,"5":34,"6":1,"7":1,"8":22,"9":22,"10":22,"11":1,"12":1,"13":27,"14":27,"15":27,"16":20,"17":20,"18":7,"19":9,"20":7,"21":7,"22":7,"23":7,"24":1,"25":1,"26":5,"27":5,"28":18,"29":18,"30":18,"31":5,"32":18,"33":18,"34":18,"35":2,"36":18,"37":18,"38":3,"39":18,"40":18,"41":4,"42":18,"43":18,"44":4,"45":18,"46":18,"47":0,"48":18,"49":18,"50":5,"51":5,"52":5,"53":5,"54":5,"55":5,"56":1,"57":1},"branchMap":{"0":{"type":"branch","line":4,"loc":{"start":{"line":4,"column":16},"end":{"line":6,"column":1}},"locations":[{"start":{"line":4,"column":16},"end":{"line":6,"column":1}}]},"1":{"type":"branch","line":8,"loc":{"start":{"line":8,"column":17},"end":{"line":11,"column":1}},"locations":[{"start":{"line":8,"column":17},"end":{"line":11,"column":1}}]},"2":{"type":"branch","line":13,"loc":{"start":{"line":13,"column":14},"end":{"line":24,"column":1}},"locations":[{"start":{"line":13,"column":14},"end":{"line":24,"column":1}}]},"3":{"type":"branch","line":16,"loc":{"start":{"line":16,"column":28},"end":{"line":18,"column":5}},"locations":[{"start":{"line":16,"column":28},"end":{"line":18,"column":5}}]},"4":{"type":"branch","line":18,"loc":{"start":{"line":18,"column":4},"end":{"line":24,"column":1}},"locations":[{"start":{"line":18,"column":4},"end":{"line":24,"column":1}}]},"5":{"type":"branch","line":19,"loc":{"start":{"line":19,"column":42},"end":{"line":21,"column":5}},"locations":[{"start":{"line":19,"column":42},"end":{"line":21,"column":5}}]},"6":{"type":"branch","line":26,"loc":{"start":{"line":26,"column":16},"end":{"line":56,"column":2}},"locations":[{"start":{"line":26,"column":16},"end":{"line":56,"column":2}}]},"7":{"type":"branch","line":28,"loc":{"start":{"line":28,"column":29},"end":{"line":50,"column":1}},"locations":[{"start":{"line":28,"column":29},"end":{"line":50,"column":1}}]},"8":{"type":"branch","line":31,"loc":{"start":{"line":31,"column":8},"end":{"line":32,"column":75}},"locations":[{"start":{"line":31,"column":8},"end":{"line":32,"column":75}}]},"9":{"type":"branch","line":35,"loc":{"start":{"line":35,"column":8},"end":{"line":36,"column":75}},"locations":[{"start":{"line":35,"column":8},"end":{"line":36,"column":75}}]},"10":{"type":"branch","line":38,"loc":{"start":{"line":38,"column":8},"end":{"line":39,"column":76}},"locations":[{"start":{"line":38,"column":8},"end":{"line":39,"column":76}}]},"11":{"type":"branch","line":41,"loc":{"start":{"line":41,"column":8},"end":{"line":42,"column":141}},"locations":[{"start":{"line":41,"column":8},"end":{"line":42,"column":141}}]},"12":{"type":"branch","line":44,"loc":{"start":{"line":44,"column":8},"end":{"line":45,"column":77}},"locations":[{"start":{"line":44,"column":8},"end":{"line":45,"column":77}}]},"13":{"type":"branch","line":47,"loc":{"start":{"line":47,"column":8},"end":{"line":48,"column":25}},"locations":[{"start":{"line":47,"column":8},"end":{"line":48,"column":25}}]}},"b":{"0":[34],"1":[22],"2":[27],"3":[20],"4":[7],"5":[9],"6":[5],"7":[18],"8":[5],"9":[2],"10":[3],"11":[4],"12":[4],"13":[0]},"fnMap":{"0":{"name":"formTab","decl":{"start":{"line":4,"column":16},"end":{"line":6,"column":1}},"loc":{"start":{"line":4,"column":16},"end":{"line":6,"column":1}},"line":4},"1":{"name":"formLine","decl":{"start":{"line":8,"column":17},"end":{"line":11,"column":1}},"loc":{"start":{"line":8,"column":17},"end":{"line":11,"column":1}},"line":8},"2":{"name":"toStr","decl":{"start":{"line":13,"column":14},"end":{"line":24,"column":1}},"loc":{"start":{"line":13,"column":14},"end":{"line":24,"column":1}},"line":13},"3":{"name":"stylish","decl":{"start":{"line":26,"column":16},"end":{"line":56,"column":2}},"loc":{"start":{"line":26,"column":16},"end":{"line":56,"column":2}},"line":26}},"f":{"0":34,"1":22,"2":27,"3":5}}
}
