TN:
SF:src\compare.js
FN:11,compare
FNF:1
FNH:1
FNDA:15,compare
DA:1,1
DA:2,1
DA:3,1
DA:4,1
DA:5,1
DA:6,1
DA:7,1
DA:8,1
DA:9,1
DA:10,1
DA:11,1
DA:12,15
DA:13,15
DA:14,15
DA:15,15
DA:16,54
DA:17,54
DA:18,54
DA:19,54
DA:20,12
DA:21,12
DA:22,42
DA:23,54
DA:24,9
DA:25,9
DA:26,54
DA:27,12
DA:28,12
DA:29,54
DA:30,6
DA:31,6
DA:32,15
DA:33,15
DA:34,15
DA:35,15
DA:36,15
DA:37,1
LF:37
LH:37
BRDA:11,0,0,15
BRDA:15,1,0,54
BRDA:19,2,0,18
BRDA:19,3,0,12
BRDA:21,4,0,42
BRDA:23,5,0,9
BRDA:25,6,0,33
BRDA:26,7,0,18
BRDA:26,8,0,12
BRDA:28,9,0,21
BRDA:29,10,0,6
BRDA:31,11,0,15
BRF:12
BRH:12
end_of_record
TN:
SF:src\index.js
FN:9,getFileData
FN:16,gendiff
FNF:2
FNH:2
FNDA:6,getFileData
FNDA:3,gendiff
DA:1,1
DA:2,1
DA:3,1
DA:4,1
DA:5,1
DA:6,1
DA:7,1
DA:8,1
DA:9,1
DA:10,6
DA:11,6
DA:12,6
DA:13,6
DA:14,6
DA:15,1
DA:16,1
DA:17,3
DA:18,3
DA:19,3
DA:20,3
DA:21,3
DA:22,3
DA:23,3
DA:24,3
DA:25,3
DA:26,3
DA:27,1
DA:28,1
LF:28
LH:28
BRDA:9,0,0,6
BRDA:16,1,0,3
BRF:2
BRH:2
end_of_record
TN:
SF:src\parser.js
FN:3,parser
FNF:1
FNH:1
FNDA:6,parser
DA:1,1
DA:2,1
DA:3,1
DA:4,6
DA:5,3
DA:6,3
DA:7,3
DA:8,6
DA:9,3
DA:10,3
DA:11,6
DA:12,1
DA:13,1
LF:13
LH:13
BRDA:3,0,0,6
BRDA:4,1,0,3
BRDA:8,2,0,0
BRDA:8,3,0,3
BRF:4
BRH:3
end_of_record
TN:
SF:src\formatters\formatData.js
FN:5,formatData
FNF:1
FNH:1
FNDA:3,formatData
DA:1,1
DA:2,1
DA:3,1
DA:4,1
DA:5,1
DA:6,3
DA:7,3
DA:8,0
DA:9,3
DA:10,3
DA:11,3
DA:12,0
DA:13,3
DA:14,3
DA:15,3
DA:16,3
DA:17,1
DA:18,1
LF:18
LH:16
BRDA:5,0,0,3
BRDA:7,1,0,0
BRDA:11,2,0,0
BRDA:14,3,0,0
BRF:4
BRH:1
end_of_record
TN:
SF:src\formatters\json.js
FN:1,json
FNF:1
FNH:0
FNDA:0,json
DA:1,1
DA:2,1
DA:3,1
LF:3
LH:3
BRF:0
BRH:0
end_of_record
TN:
SF:src\formatters\plain.js
FN:1,plain
FNF:1
FNH:0
FNDA:0,plain
DA:1,1
DA:2,0
DA:3,0
DA:4,0
DA:5,0
DA:6,0
DA:7,0
DA:8,0
DA:9,0
DA:10,0
DA:11,0
DA:12,0
DA:13,0
DA:14,0
DA:15,0
DA:16,0
DA:17,0
DA:18,0
DA:19,0
DA:20,0
DA:21,0
DA:22,0
DA:23,0
DA:24,0
DA:25,0
DA:26,0
DA:27,1
DA:28,1
LF:28
LH:3
BRF:0
BRH:0
end_of_record
TN:
SF:src\formatters\stylish.js
FN:3,toStr
FN:16,stylish
FNF:2
FNH:2
FNDA:81,toStr
FNDA:15,stylish
DA:1,1
DA:2,1
DA:3,1
DA:4,81
DA:5,81
DA:6,81
DA:7,60
DA:8,60
DA:9,21
DA:10,27
DA:11,21
DA:12,21
DA:13,21
DA:14,21
DA:15,1
DA:16,1
DA:17,15
DA:18,15
DA:19,54
DA:20,54
DA:21,54
DA:22,15
DA:23,54
DA:24,54
DA:25,6
DA:26,54
DA:27,54
DA:28,9
DA:29,54
DA:30,54
DA:31,12
DA:32,54
DA:33,54
DA:34,12
DA:35,54
DA:36,54
DA:37,0
DA:38,54
DA:39,54
DA:40,15
DA:41,15
DA:42,15
DA:43,1
DA:44,1
LF:44
LH:43
BRDA:3,0,0,81
BRDA:6,1,0,60
BRDA:8,2,0,21
BRDA:9,3,0,27
BRDA:16,4,0,15
BRDA:18,5,0,54
BRDA:21,6,0,15
BRDA:24,7,0,6
BRDA:27,8,0,9
BRDA:30,9,0,12
BRDA:33,10,0,12
BRDA:36,11,0,0
BRF:12
BRH:11
end_of_record
