TN:
SF:src\compare.js
FN:11,compare
FNF:1
FNH:1
FNDA:15,compare
DA:1,1
DA:2,1
DA:3,1
DA:4,1
DA:5,1
DA:6,1
DA:7,1
DA:8,1
DA:9,1
DA:10,1
DA:11,1
DA:12,15
DA:13,15
DA:14,15
DA:15,15
DA:16,54
DA:17,54
DA:18,54
DA:19,54
DA:20,12
DA:21,12
DA:22,42
DA:23,54
DA:24,9
DA:25,9
DA:26,54
DA:27,12
DA:28,12
DA:29,54
DA:30,6
DA:31,6
DA:32,15
DA:33,15
DA:34,15
DA:35,15
DA:36,15
DA:37,1
LF:37
LH:37
BRDA:11,0,0,15
BRDA:15,1,0,54
BRDA:19,2,0,18
BRDA:19,3,0,12
BRDA:21,4,0,42
BRDA:23,5,0,9
BRDA:25,6,0,33
BRDA:26,7,0,18
BRDA:26,8,0,12
BRDA:28,9,0,21
BRDA:29,10,0,6
BRDA:31,11,0,15
BRF:12
BRH:12
end_of_record
TN:
SF:src\index.js
FN:9,getFileData
FN:16,gendiff
FNF:2
FNH:2
FNDA:6,getFileData
FNDA:3,gendiff
DA:1,1
DA:2,1
DA:3,1
DA:4,1
DA:5,1
DA:6,1
DA:7,1
DA:8,1
DA:9,1
DA:10,6
DA:11,6
DA:12,6
DA:13,6
DA:14,6
DA:15,1
DA:16,1
DA:17,3
DA:18,3
DA:19,3
DA:20,3
DA:21,3
DA:22,3
DA:23,3
DA:24,3
DA:25,3
DA:26,3
DA:27,1
DA:28,1
LF:28
LH:28
BRDA:9,0,0,6
BRDA:16,1,0,3
BRF:2
BRH:2
end_of_record
TN:
SF:src\parser.js
FN:3,parser
FNF:1
FNH:1
FNDA:6,parser
DA:1,1
DA:2,1
DA:3,1
DA:4,6
DA:5,3
DA:6,3
DA:7,3
DA:8,6
DA:9,3
DA:10,3
DA:11,6
DA:12,1
DA:13,1
LF:13
LH:13
BRDA:3,0,0,6
BRDA:4,1,0,3
BRDA:8,2,0,0
BRDA:8,3,0,3
BRF:4
BRH:3
end_of_record
TN:
SF:src\formatters\formatter.js
FN:5,formatter
FNF:1
FNH:1
FNDA:3,formatter
DA:1,1
DA:2,1
DA:3,1
DA:4,1
DA:5,1
DA:6,3
DA:7,3
DA:8,1
DA:9,3
DA:10,1
DA:11,3
DA:12,1
DA:13,3
DA:14,3
DA:15,3
DA:16,3
DA:17,1
DA:18,1
LF:18
LH:18
BRDA:5,0,0,3
BRDA:7,1,0,1
BRDA:9,2,0,1
BRDA:11,3,0,1
BRDA:14,4,0,0
BRF:5
BRH:4
end_of_record
TN:
SF:src\formatters\json.js
FN:1,json
FNF:1
FNH:1
FNDA:1,json
DA:1,1
DA:2,1
DA:3,1
LF:3
LH:3
BRDA:1,0,0,1
BRF:1
BRH:1
end_of_record
TN:
SF:src\formatters\plain.js
FN:3,formatValue
FN:13,plain
FNF:2
FNH:2
FNDA:13,formatValue
FNDA:5,plain
DA:1,1
DA:2,1
DA:3,1
DA:4,13
DA:5,7
DA:6,7
DA:7,13
DA:8,3
DA:9,3
DA:10,3
DA:11,3
DA:12,1
DA:13,1
DA:14,5
DA:15,18
DA:16,18
DA:17,18
DA:18,18
DA:19,18
DA:20,18
DA:21,5
DA:22,18
DA:23,18
DA:24,2
DA:25,18
DA:26,18
DA:27,3
DA:28,18
DA:29,18
DA:30,4
DA:31,18
DA:32,18
DA:33,4
DA:34,18
DA:35,18
DA:36,0
DA:37,18
DA:38,5
DA:39,5
DA:40,5
DA:41,5
DA:42,1
DA:43,1
LF:43
LH:42
BRDA:3,0,0,13
BRDA:4,1,0,7
BRDA:6,2,0,6
BRDA:7,3,0,3
BRDA:13,4,0,5
BRDA:14,5,0,18
BRDA:17,6,0,14
BRDA:17,7,0,4
BRDA:20,8,0,5
BRDA:23,9,0,2
BRDA:26,10,0,3
BRDA:29,11,0,4
BRDA:32,12,0,4
BRDA:35,13,0,0
BRF:14
BRH:13
end_of_record
TN:
SF:src\formatters\stylish.js
FN:4,formTab
FN:8,formLine
FN:13,toStr
FN:26,stylish
FNF:4
FNH:4
FNDA:34,formTab
FNDA:22,formLine
FNDA:27,toStr
FNDA:5,stylish
DA:1,1
DA:2,1
DA:3,1
DA:4,1
DA:5,34
DA:6,34
DA:7,1
DA:8,1
DA:9,22
DA:10,22
DA:11,22
DA:12,1
DA:13,1
DA:14,27
DA:15,27
DA:16,27
DA:17,20
DA:18,20
DA:19,7
DA:20,9
DA:21,7
DA:22,7
DA:23,7
DA:24,7
DA:25,1
DA:26,1
DA:27,5
DA:28,5
DA:29,18
DA:30,18
DA:31,18
DA:32,5
DA:33,18
DA:34,18
DA:35,18
DA:36,2
DA:37,18
DA:38,18
DA:39,3
DA:40,18
DA:41,18
DA:42,4
DA:43,18
DA:44,18
DA:45,4
DA:46,18
DA:47,18
DA:48,0
DA:49,18
DA:50,18
DA:51,5
DA:52,5
DA:53,5
DA:54,5
DA:55,5
DA:56,5
DA:57,1
DA:58,1
LF:58
LH:57
BRDA:4,0,0,34
BRDA:8,1,0,22
BRDA:13,2,0,27
BRDA:16,3,0,20
BRDA:18,4,0,7
BRDA:19,5,0,9
BRDA:26,6,0,5
BRDA:28,7,0,18
BRDA:31,8,0,5
BRDA:35,9,0,2
BRDA:38,10,0,3
BRDA:41,11,0,4
BRDA:44,12,0,4
BRDA:47,13,0,0
BRF:14
BRH:13
end_of_record
